1638366368655:help
1638366387102:create
1638366409618:create -D Test
1638366434705:create -D 'Test description'
1638366463348:create -D 'Test description' -Dl 1641044457
1638366501292:create -D 'Test description' -Dl '2021-12-01 20:00'
1638366889676:get-in-progress-items
1638367344544:mark-as-done --id 5
1638367430245:get-in-progress-items
1638375489234:help
1638375501795:get-in-progress-items
1638379475959:help
1638379491720:get-in-progress-items
1638380204674:help
1638380219051:get-in-progress-items
1638380223003:signin
1638380243029:signin -u admin -p 12345
1638380447584:signin -u test -p secret
1638380557329:signin -u test -p
1638380570522:signin -u test -p ''
1638380830552:signin -u test -p 12345
1638381104717:exit
1638381156893:signin -u test -p 12345
1638381159334:exit
